0 info it worked if it ends with ok
1 verbose cli [ '/usr/bin/node', '/usr/bin/npm', 'install', 'node_modules' ]
2 info using npm@4.1.2
3 info using node@v6.9.5
4 silly loadCurrentTree Starting
5 silly install loadCurrentTree
6 silly install readLocalPackageData
7 silly fetchPackageMetaData node_modules
8 silly fetchOtherPackageData node_modules
9 silly cache add args [ 'node_modules', null ]
10 verbose cache add spec node_modules
11 silly cache add parsed spec Result {
11 silly cache add   raw: 'node_modules',
11 silly cache add   scope: null,
11 silly cache add   escapedName: null,
11 silly cache add   name: null,
11 silly cache add   rawSpec: 'node_modules',
11 silly cache add   spec: '/home/steve/Dropbox/scripts/appjar/node_modules',
11 silly cache add   type: 'local' }
12 error addLocal Could not install /home/steve/Dropbox/scripts/appjar/node_modules
13 silly fetchPackageMetaData Error: ENOENT: no such file or directory, open '/home/steve/Dropbox/scripts/appjar/node_modules'
13 silly fetchPackageMetaData     at Error (native)
13 silly fetchPackageMetaData  error for node_modules { Error: ENOENT: no such file or directory, open '/home/steve/Dropbox/scripts/appjar/node_modules'
13 silly fetchPackageMetaData     at Error (native)
13 silly fetchPackageMetaData   errno: -2,
13 silly fetchPackageMetaData   code: 'ENOENT',
13 silly fetchPackageMetaData   syscall: 'open',
13 silly fetchPackageMetaData   path: '/home/steve/Dropbox/scripts/appjar/node_modules' }
14 silly rollbackFailedOptional Starting
15 silly rollbackFailedOptional Finishing
16 silly runTopLevelLifecycles Finishing
17 silly install printInstalled
18 verbose stack Error: ENOENT: no such file or directory, open '/home/steve/Dropbox/scripts/appjar/node_modules'
18 verbose stack     at Error (native)
19 verbose cwd /home/steve/Dropbox/scripts/appjar
20 error Linux 4.10.0-1-MANJARO
21 error argv "/usr/bin/node" "/usr/bin/npm" "install" "node_modules"
22 error node v6.9.5
23 error npm  v4.1.2
24 error path /home/steve/Dropbox/scripts/appjar/node_modules
25 error code ENOENT
26 error errno -2
27 error syscall open
28 error enoent ENOENT: no such file or directory, open '/home/steve/Dropbox/scripts/appjar/node_modules'
29 error enoent ENOENT: no such file or directory, open '/home/steve/Dropbox/scripts/appjar/node_modules'
29 error enoent This is most likely not a problem with npm itself
29 error enoent and is related to npm not being able to find a file.
30 verbose exit [ -2, true ]
